<?xml version="1.0" encoding="UTF-8"?>
<testng-results ignored="0" total="4" passed="4" failed="0" skipped="0">
  <reporter-output>
  </reporter-output>
  <suite started-at="2022-12-28T17:24:38 EST" name="All Test Suite" finished-at="2022-12-28T17:24:41 EST" duration-ms="2750">
    <groups>
    </groups>
    <test started-at="2022-12-28T17:24:38 EST" name="C:/Users/tjkba/IdeaProjects/RestAssureFramework" finished-at="2022-12-28T17:24:41 EST" duration-ms="2750">
      <class name="api.tests.UserTest2">
        <test-method is-config="true" signature="setUp()[pri:0, instance:api.tests.UserTest2@55b7a4e0]" started-at="2022-12-28T17:24:38 EST" name="setUp" finished-at="2022-12-28T17:24:38 EST" duration-ms="512" status="PASS">
          <reporter-output>
          </reporter-output>
        </test-method> <!-- setUp -->
        <test-method signature="testPostUser()[pri:1, instance:api.tests.UserTest2@55b7a4e0]" started-at="2022-12-28T17:24:38 EST" name="testPostUser" finished-at="2022-12-28T17:24:40 EST" duration-ms="1303" status="PASS">
          <reporter-output>
          </reporter-output>
        </test-method> <!-- testPostUser -->
        <test-method signature="testGetUserByName()[pri:2, instance:api.tests.UserTest2@55b7a4e0]" started-at="2022-12-28T17:24:40 EST" name="testGetUserByName" finished-at="2022-12-28T17:24:40 EST" duration-ms="202" status="PASS">
          <reporter-output>
          </reporter-output>
        </test-method> <!-- testGetUserByName -->
        <test-method signature="testUpdateUserByName()[pri:3, instance:api.tests.UserTest2@55b7a4e0]" started-at="2022-12-28T17:24:40 EST" name="testUpdateUserByName" finished-at="2022-12-28T17:24:40 EST" duration-ms="405" status="PASS">
          <reporter-output>
          </reporter-output>
        </test-method> <!-- testUpdateUserByName -->
        <test-method signature="testDeleteUser()[pri:4, instance:api.tests.UserTest2@55b7a4e0]" started-at="2022-12-28T17:24:40 EST" name="testDeleteUser" finished-at="2022-12-28T17:24:41 EST" duration-ms="196" status="PASS">
          <reporter-output>
          </reporter-output>
        </test-method> <!-- testDeleteUser -->
      </class> <!-- api.tests.UserTest2 -->
    </test> <!-- C:/Users/tjkba/IdeaProjects/RestAssureFramework -->
  </suite> <!-- All Test Suite -->
</testng-results>
